{
  "RSpec": {
    "coverage": {
      "/Users/Joe/devbootcamp/phase-3/repose/spec/api_users_controller_spec.rb": [
        1,
        1,
        1,
        1,
        1,
        1,
        null,
        null,
        null
      ],
      "/Users/Joe/devbootcamp/phase-3/repose/spec/rails_helper.rb": [
        null,
        1,
        1,
        null,
        1,
        1,
        1,
        null,
        null,
        null,
        null,
        null,
        null,
        null,
        null,
        null,
        null,
        null,
        null,
        null,
        null,
        null,
        null,
        null,
        null,
        null,
        1,
        null,
        1,
        null,
        1,
        null,
        null,
        null,
        null,
        1,
        null,
        null,
        null,
        null,
        null,
        null,
        null,
        null,
        null,
        null,
        null,
        null,
        null,
        null,
        1,
        null,
        null,
        1,
        null,
        null,
        null
      ],
      "/Users/Joe/devbootcamp/phase-3/repose/config/environment.rb": [
        null,
        1,
        null,
        null,
        1
      ],
      "/Users/Joe/devbootcamp/phase-3/repose/config/application.rb": [
        1,
        null,
        1,
        null,
        1,
        1,
        1,
        1,
        1,
        1,
        1,
        1,
        null,
        null,
        null,
        null,
        1,
        null,
        1,
        1,
        null,
        null,
        null,
        null,
        null
      ],
      "/Users/Joe/devbootcamp/phase-3/repose/config/boot.rb": [
        1,
        null,
        1
      ],
      "/Users/Joe/devbootcamp/phase-3/repose/config/environments/test.rb": [
        1,
        null,
        null,
        null,
        null,
        null,
        null,
        1,
        null,
        null,
        null,
        null,
        1,
        null,
        null,
        1,
        1,
        null,
        null,
        null,
        null,
        1,
        1,
        null,
        null,
        1,
        null,
        null,
        1,
        1,
        null,
        null,
        null,
        null,
        1,
        null,
        null,
        1,
        null,
        null,
        null,
        null
      ],
      "/Users/Joe/devbootcamp/phase-3/repose/config/initializers/application_controller_renderer.rb": [
        null,
        null,
        null,
        null,
        null,
        null
      ],
      "/Users/Joe/devbootcamp/phase-3/repose/config/initializers/assets.rb": [
        null,
        null,
        null,
        1,
        null,
        null,
        null,
        null,
        null,
        null,
        null
      ],
      "/Users/Joe/devbootcamp/phase-3/repose/config/initializers/backtrace_silencers.rb": [
        null,
        null,
        null,
        null,
        null,
        null,
        null
      ],
      "/Users/Joe/devbootcamp/phase-3/repose/config/initializers/clearance.rb": [
        1,
        1,
        null
      ],
      "/Users/Joe/devbootcamp/phase-3/repose/config/initializers/cookies_serializer.rb": [
        null,
        null,
        null,
        null,
        1
      ],
      "/Users/Joe/devbootcamp/phase-3/repose/config/initializers/filter_parameter_logging.rb": [
        null,
        null,
        null,
        1
      ],
      "/Users/Joe/devbootcamp/phase-3/repose/config/initializers/inflections.rb": [
        null,
        null,
        null,
        null,
        null,
        null,
        null,
        null,
        null,
        null,
        null,
        null,
        null,
        null,
        null,
        null
      ],
      "/Users/Joe/devbootcamp/phase-3/repose/config/initializers/mime_types.rb": [
        null,
        null,
        null,
        null
      ],
      "/Users/Joe/devbootcamp/phase-3/repose/config/initializers/new_framework_defaults.rb": [
        null,
        null,
        null,
        null,
        null,
        null,
        null,
        1,
        null,
        null,
        1,
        null,
        null,
        null,
        1,
        null,
        null,
        1,
        null,
        null,
        1,
        null,
        null,
        1
      ],
      "/Users/Joe/devbootcamp/phase-3/repose/config/initializers/session_store.rb": [
        null,
        null,
        1
      ],
      "/Users/Joe/devbootcamp/phase-3/repose/config/initializers/wrap_parameters.rb": [
        null,
        null,
        null,
        null,
        null,
        null,
        1,
        2,
        null,
        null,
        null,
        null,
        null,
        null
      ],
      "/Users/Joe/devbootcamp/phase-3/repose/config/routes.rb": [
        1,
        null,
        1,
        null,
        1,
        null,
        1,
        1,
        1,
        1,
        1,
        null,
        null,
        null
      ],
      "/Users/Joe/devbootcamp/phase-3/repose/app/helpers/application_helper.rb": [
        1,
        1,
        0,
        null,
        null
      ],
      "/Users/Joe/devbootcamp/phase-3/repose/app/controllers/api/v1/users_controller.rb": [
        1,
        1,
        0,
        null,
        0,
        null,
        null,
        1,
        0,
        0,
        0,
        0,
        null,
        0,
        null,
        null,
        null,
        null
      ],
      "/Users/Joe/devbootcamp/phase-3/repose/app/controllers/api/v1/base_controller.rb": [
        1,
        1,
        null,
        1,
        null,
        1,
        0,
        null,
        null
      ],
      "/Users/Joe/devbootcamp/phase-3/repose/app/controllers/application_controller.rb": [
        1,
        1,
        1,
        null
      ],
      "/Users/Joe/devbootcamp/phase-3/repose/spec/models/availability_spec.rb": [
        1,
        null,
        1,
        1,
        null
      ],
      "/Users/Joe/devbootcamp/phase-3/repose/app/models/availability.rb": [
        1,
        1,
        null
      ],
      "/Users/Joe/devbootcamp/phase-3/repose/app/models/application_record.rb": [
        1,
        1,
        null
      ],
      "/Users/Joe/devbootcamp/phase-3/repose/spec/models/event_spec.rb": [
        1,
        null,
        1,
        1,
        null
      ],
      "/Users/Joe/devbootcamp/phase-3/repose/app/models/event.rb": [
        1,
        1,
        1,
        null,
        1,
        0,
        null,
        null,
        null,
        null,
        null
      ],
      "/Users/Joe/devbootcamp/phase-3/repose/spec/models/lifeline_spec.rb": [
        1,
        null,
        1,
        1,
        null
      ],
      "/Users/Joe/devbootcamp/phase-3/repose/app/models/lifeline.rb": [
        1,
        1,
        1,
        null,
        1,
        1,
        1,
        1,
        1,
        null
      ],
      "/Users/Joe/devbootcamp/phase-3/repose/spec/models/survey_spec.rb": [
        1,
        null,
        1,
        1,
        null
      ],
      "/Users/Joe/devbootcamp/phase-3/repose/app/models/survey.rb": [
        1,
        1,
        null,
        1,
        1,
        1,
        null,
        null
      ]
    },
    "timestamp": 1471200622
  }
}
